Using pre-set license
Built from '2020.3/staging' branch; Version is '2020.3.19f1 (68f137dc9bbe) revision 6877495'; Using compiler version '192528614'; Build Type 'Release'
OS: 'Windows 10 Pro; OS build 19041.1237; Version 2004; 64bit' Language: 'es' Physical Memory: 16342 MB
BatchMode: 1, IsHumanControllingUs: 0, StartBugReporterOnCrash: 0, Is64bit: 1, IsPro: 0

COMMAND LINE ARGUMENTS:
C:\Program Files\Unity\Hub\Editor\2020.3.19f1\Editor\Unity.exe
-adb2
-batchMode
-noUpm
-name
AssetImportWorker0
-projectPath
D:/Flora_de_la_Cruz/FloradelaCruz-tema1/Mi Primer Proyecto/New Unity Project
-logFile
Logs/AssetImportWorker0.log
-srvPort
49300
Successfully changed project path to: D:/Flora_de_la_Cruz/FloradelaCruz-tema1/Mi Primer Proyecto/New Unity Project
D:/Flora_de_la_Cruz/FloradelaCruz-tema1/Mi Primer Proyecto/New Unity Project
Using Asset Import Pipeline V2.
Refreshing native plugins compatible for Editor in 30.15 ms, found 2 plugins.
Preloading 0 native plugins for Editor in 0.00 ms.
Initialize engine version: 2020.3.19f1 (68f137dc9bbe)
[Subsystems] Discovering subsystems at path C:/Program Files/Unity/Hub/Editor/2020.3.19f1/Editor/Data/Resources/UnitySubsystems
[Subsystems] Discovering subsystems at path D:/Flora_de_la_Cruz/FloradelaCruz-tema1/Mi Primer Proyecto/New Unity Project/Assets
GfxDevice: creating device client; threaded=0
Direct3D:
    Version:  Direct3D 11.0 [level 11.1]
    Renderer: NVIDIA GeForce GTX 1050 Ti (ID=0x1c82)
    Vendor:   
    VRAM:     4018 MB
    Driver:   27.21.14.5671
Initialize mono
Mono path[0] = 'C:/Program Files/Unity/Hub/Editor/2020.3.19f1/Editor/Data/Managed'
Mono path[1] = 'C:/Program Files/Unity/Hub/Editor/2020.3.19f1/Editor/Data/MonoBleedingEdge/lib/mono/unityjit'
Mono config path = 'C:/Program Files/Unity/Hub/Editor/2020.3.19f1/Editor/Data/MonoBleedingEdge/etc'
Using monoOptions --debugger-agent=transport=dt_socket,embedding=1,server=y,suspend=n,address=127.0.0.1:56976
Begin MonoManager ReloadAssembly
Registering precompiled unity dll's ...
Register platform support module: C:/Program Files/Unity/Hub/Editor/2020.3.19f1/Editor/Data/PlaybackEngines/WindowsStandaloneSupport/UnityEditor.WindowsStandalone.Extensions.dll
Registered in 0.001971 seconds.
Native extension for WindowsStandalone target not found
Refreshing native plugins compatible for Editor in 29.63 ms, found 2 plugins.
Preloading 0 native plugins for Editor in 0.00 ms.
Mono: successfully reloaded assembly
- Completed reload, in  1.141 seconds
Domain Reload Profiling:
	ReloadAssembly (1142ms)
		BeginReloadAssembly (62ms)
			ExecutionOrderSort (0ms)
			DisableScriptedObjects (0ms)
			BackupInstance (0ms)
			ReleaseScriptingObjects (0ms)
			CreateAndSetChildDomain (1ms)
		EndReloadAssembly (442ms)
			LoadAssemblies (59ms)
			RebuildTransferFunctionScriptingTraits (0ms)
			SetupTypeCache (172ms)
			ReleaseScriptCaches (0ms)
			RebuildScriptCaches (35ms)
			SetupLoadedEditorAssemblies (166ms)
				LogAssemblyErrors (0ms)
				InitializePlatformSupportModulesInManaged (4ms)
				SetLoadedEditorAssemblies (0ms)
				RefreshPlugins (30ms)
				BeforeProcessingInitializeOnLoad (10ms)
				ProcessInitializeOnLoadAttributes (90ms)
				ProcessInitializeOnLoadMethodAttributes (32ms)
				AfterProcessingInitializeOnLoad (0ms)
				EditorAssembliesLoaded (0ms)
			ExecutionOrderSort2 (0ms)
			AwakeInstancesAfterBackupRestoration (0ms)
Platform modules already initialized, skipping
Registering precompiled user dll's ...
Registered in 0.002130 seconds.
Begin MonoManager ReloadAssembly
Native extension for WindowsStandalone target not found
Refreshing native plugins compatible for Editor in 0.30 ms, found 2 plugins.
Preloading 0 native plugins for Editor in 0.00 ms.
Mono: successfully reloaded assembly
- Completed reload, in  1.046 seconds
Domain Reload Profiling:
	ReloadAssembly (1047ms)
		BeginReloadAssembly (157ms)
			ExecutionOrderSort (0ms)
			DisableScriptedObjects (5ms)
			BackupInstance (0ms)
			ReleaseScriptingObjects (0ms)
			CreateAndSetChildDomain (19ms)
		EndReloadAssembly (823ms)
			LoadAssemblies (86ms)
			RebuildTransferFunctionScriptingTraits (0ms)
			SetupTypeCache (289ms)
			ReleaseScriptCaches (0ms)
			RebuildScriptCaches (43ms)
			SetupLoadedEditorAssemblies (305ms)
				LogAssemblyErrors (0ms)
				InitializePlatformSupportModulesInManaged (5ms)
				SetLoadedEditorAssemblies (0ms)
				RefreshPlugins (0ms)
				BeforeProcessingInitializeOnLoad (54ms)
				ProcessInitializeOnLoadAttributes (233ms)
				ProcessInitializeOnLoadMethodAttributes (5ms)
				AfterProcessingInitializeOnLoad (6ms)
				EditorAssembliesLoaded (0ms)
			ExecutionOrderSort2 (0ms)
			AwakeInstancesAfterBackupRestoration (7ms)
Platform modules already initialized, skipping
========================================================================
Worker process is ready to serve import requests
Launched and connected shader compiler UnityShaderCompiler.exe after 0.06 seconds
Refreshing native plugins compatible for Editor in 0.33 ms, found 2 plugins.
Preloading 0 native plugins for Editor in 0.00 ms.
Unloading 1397 Unused Serialized files (Serialized files now loaded: 0)
System memory in use before: 65.3 MB.
System memory in use after: 65.4 MB.

Unloading 16 unused Assets to reduce memory usage. Loaded Objects now: 1832.
Total: 3.250700 ms (FindLiveObjects: 0.146600 ms CreateObjectMapping: 0.047600 ms MarkObjects: 2.938500 ms  DeleteObjects: 0.116900 ms)

AssetImportParameters requested are different than current active one (requested -> active):
  custom:framework-win-MediaFoundation: 216162199b28c13a410421893ffa2e32 -> 
  custom:video-decoder-ogg-theora: a1e56fd34408186e4bbccfd4996cb3dc -> 
  custom:container-muxer-webm: aa71ff27fc2769a1b78a27578f13a17b -> 
  custom:container-demuxer-webm: 4f35f7cbe854078d1ac9338744f61a02 -> 
  custom:container-demuxer-ogg: 62fdf1f143b41e24485cea50d1cbac27 -> 
  custom:video-encoder-webm-vp8: eb34c28f22e8b96e1ab97ce403110664 -> 
  custom:video-decoder-webm-vp8: 9c59270c3fd7afecdb556c50c9e8de78 -> 
  custom:audio-decoder-ogg-vorbis: bf7c407c2cedff20999df2af8eb42d56 -> 
  custom:audio-encoder-webm-vorbis: bf7c407c2cedff20999df2af8eb42d56 -> 
========================================================================
Received Import Request.
  path: Assets
  artifactKey: Guid(00000000000000001000000000000000) Importer(815301076,1909f56bfc062723c751e8b465ee728b)
Start importing Assets using Guid(00000000000000001000000000000000) Importer(815301076,1909f56bfc062723c751e8b465ee728b)  -> (artifact id: '42d402b061de3733987d63b9cc3b64de') in 0.004342 seconds 
  Import took 0.013117 seconds .

========================================================================
Received Import Request.
  Time since last request: 5.580103 seconds.
  path: Assets/Materiales
  artifactKey: Guid(531a0c93e22198343a8b0a914a250291) Importer(815301076,1909f56bfc062723c751e8b465ee728b)
Start importing Assets/Materiales using Guid(531a0c93e22198343a8b0a914a250291) Importer(815301076,1909f56bfc062723c751e8b465ee728b)  -> (artifact id: '1f9a908f867e0293d15af11c97d08c90') in 0.002752 seconds 
  Import took 0.005633 seconds .

========================================================================
Received Import Request.
  Time since last request: 20.097271 seconds.
  path: Assets/Materiales/New Material.mat
  artifactKey: Guid(8900a3b038239864cb7278fec84cbf22) Importer(815301076,1909f56bfc062723c751e8b465ee728b)
Start importing Assets/Materiales/New Material.mat using Guid(8900a3b038239864cb7278fec84cbf22) Importer(815301076,1909f56bfc062723c751e8b465ee728b)  -> (artifact id: '1f618e77e75ad8ffd103ca1dec579c0a') in 0.117419 seconds 
  Import took 0.119881 seconds .

========================================================================
Received Import Request.
  Time since last request: 25.968202 seconds.
  path: Assets/Materiales/Azul_mat.mat
  artifactKey: Guid(8900a3b038239864cb7278fec84cbf22) Importer(815301076,1909f56bfc062723c751e8b465ee728b)
Start importing Assets/Materiales/Azul_mat.mat using Guid(8900a3b038239864cb7278fec84cbf22) Importer(815301076,1909f56bfc062723c751e8b465ee728b)  -> (artifact id: '29f0f4a0b18bc77d5960d297dad76fd2') in 0.011602 seconds 
  Import took 0.025930 seconds .

========================================================================
Received Import Request.
  Time since last request: 138.351589 seconds.
  path: Assets/Materiales/Red_mat.mat
  artifactKey: Guid(345971dc789d7a84289daf0e41499c57) Importer(815301076,1909f56bfc062723c751e8b465ee728b)
Start importing Assets/Materiales/Red_mat.mat using Guid(345971dc789d7a84289daf0e41499c57) Importer(815301076,1909f56bfc062723c751e8b465ee728b)  -> (artifact id: '4af8af472f756d1218b425b2e26e1a78') in 0.008830 seconds 
  Import took 0.012745 seconds .

========================================================================
Received Import Request.
  Time since last request: 29.381055 seconds.
  path: Assets/Materiales/Orange_mat.mat
  artifactKey: Guid(e70ba25bca7033b4c8f5e9f32067b572) Importer(815301076,1909f56bfc062723c751e8b465ee728b)
Start importing Assets/Materiales/Orange_mat.mat using Guid(e70ba25bca7033b4c8f5e9f32067b572) Importer(815301076,1909f56bfc062723c751e8b465ee728b)  -> (artifact id: 'c8a016e0c7e19eeddad84ed9ef33ffcc') in 0.011151 seconds 
  Import took 0.014271 seconds .

========================================================================
Received Import Request.
  Time since last request: 860.326785 seconds.
  path: Assets/Texturas
  artifactKey: Guid(c88175f808ff1454ba0f1bf0cd76ac5e) Importer(815301076,1909f56bfc062723c751e8b465ee728b)
Start importing Assets/Texturas using Guid(c88175f808ff1454ba0f1bf0cd76ac5e) Importer(815301076,1909f56bfc062723c751e8b465ee728b)  -> (artifact id: '79849d9f1b37747d941d029a70a67c9b') in 0.002387 seconds 
  Import took 0.005672 seconds .

========================================================================
Received Import Request.
  Time since last request: 42.670716 seconds.
  path: Assets/Texturas/Seamless circuit.png
  artifactKey: Guid(b74e8d1fb21dd7441898570fe719e6cd) Importer(815301076,1909f56bfc062723c751e8b465ee728b)
Start importing Assets/Texturas/Seamless circuit.png using Guid(b74e8d1fb21dd7441898570fe719e6cd) Importer(815301076,1909f56bfc062723c751e8b465ee728b)  -> (artifact id: '42c380fd3cfbd98694a80f352f5bb4b1') in 0.043208 seconds 
  Import took 0.046189 seconds .

========================================================================
Received Import Request.
  Time since last request: 357.090517 seconds.
  path: Assets/Texturas/board-1709195_960_720.png
  artifactKey: Guid(912ed41d2899dc44495666ec6b53ca4b) Importer(815301076,1909f56bfc062723c751e8b465ee728b)
Start importing Assets/Texturas/board-1709195_960_720.png using Guid(912ed41d2899dc44495666ec6b53ca4b) Importer(815301076,1909f56bfc062723c751e8b465ee728b)  -> (artifact id: '737e27cf6d2d15a1d3b0c40c713dd327') in 0.008089 seconds 
  Import took 0.011533 seconds .

========================================================================
Received Import Request.
  Time since last request: 104.093929 seconds.
  path: Assets/Texturas/descarga.png
  artifactKey: Guid(345a3d1d8b7f016488faf52b448be257) Importer(815301076,1909f56bfc062723c751e8b465ee728b)
Start importing Assets/Texturas/descarga.png using Guid(345a3d1d8b7f016488faf52b448be257) Importer(815301076,1909f56bfc062723c751e8b465ee728b)  -> (artifact id: 'b14808dd2ec7c08f8517feeee25f5791') in 0.006795 seconds 
  Import took 0.009373 seconds .

========================================================================
Received Import Request.
  Time since last request: 222.881130 seconds.
  path: Assets/Texturas/water-pool-texture-seamless-and-free-thumb36.jpg
  artifactKey: Guid(dc417cd681f4c04459c99e22e63c9104) Importer(815301076,1909f56bfc062723c751e8b465ee728b)
Start importing Assets/Texturas/water-pool-texture-seamless-and-free-thumb36.jpg using Guid(dc417cd681f4c04459c99e22e63c9104) Importer(815301076,1909f56bfc062723c751e8b465ee728b)  -> (artifact id: '3f151a9dd162bfc2b4e973083b65be23') in 0.015151 seconds 
  Import took 0.018183 seconds .

========================================================================
Received Import Request.
  Time since last request: 1392.421169 seconds.
  path: Assets/Materiales/Black_mat.mat
  artifactKey: Guid(d32baaca9c9c85e43b45e22bcff666b7) Importer(815301076,1909f56bfc062723c751e8b465ee728b)
Start importing Assets/Materiales/Black_mat.mat using Guid(d32baaca9c9c85e43b45e22bcff666b7) Importer(815301076,1909f56bfc062723c751e8b465ee728b)  -> (artifact id: 'be5046e6b957c187d57cc3328823d0a6') in 0.018317 seconds 
  Import took 0.021686 seconds .

========================================================================
Received Import Request.
  Time since last request: 929.020288 seconds.
  path: Assets/Prefab
  artifactKey: Guid(6c1686717891353428d74603a8b4deab) Importer(815301076,1909f56bfc062723c751e8b465ee728b)
Start importing Assets/Prefab using Guid(6c1686717891353428d74603a8b4deab) Importer(815301076,1909f56bfc062723c751e8b465ee728b)  -> (artifact id: '21fee754c689eb0e9f56906a61e14b5d') in 0.003194 seconds 
  Import took 0.006645 seconds .

========================================================================
Received Import Request.
  Time since last request: 6.660762 seconds.
  path: Assets/Prefab/Temple.prefab
  artifactKey: Guid(a997b527e248bd149b30209d4ad04ae6) Importer(815301076,1909f56bfc062723c751e8b465ee728b)
Start importing Assets/Prefab/Temple.prefab using Guid(a997b527e248bd149b30209d4ad04ae6) Importer(815301076,1909f56bfc062723c751e8b465ee728b)  -> (artifact id: '4e72fb119636a9bf57a42461246ebbda') in 0.039414 seconds 
  Import took 0.042431 seconds .

========================================================================
Received Import Request.
  Time since last request: 31.232814 seconds.
  path: Assets/Prefab/Temple.prefab
  artifactKey: Guid(a997b527e248bd149b30209d4ad04ae6) Importer(815301076,1909f56bfc062723c751e8b465ee728b)
Start importing Assets/Prefab/Temple.prefab using Guid(a997b527e248bd149b30209d4ad04ae6) Importer(815301076,1909f56bfc062723c751e8b465ee728b)  -> (artifact id: '28180c830055fa8f39943ac06bcd54f3') in 0.012271 seconds 
  Import took 0.015571 seconds .

========================================================================
Received Import Request.
  Time since last request: 286.832026 seconds.
  path: Assets/Prefab/Temple.prefab
  artifactKey: Guid(a997b527e248bd149b30209d4ad04ae6) Importer(815301076,1909f56bfc062723c751e8b465ee728b)
Start importing Assets/Prefab/Temple.prefab using Guid(a997b527e248bd149b30209d4ad04ae6) Importer(815301076,1909f56bfc062723c751e8b465ee728b)  -> (artifact id: '15e83c37baa51a6af44b5f3a4d3f168b') in 0.008386 seconds 
  Import took 0.011301 seconds .

========================================================================
Received Import Request.
  Time since last request: 46.352301 seconds.
  path: Assets/Prefab/Temple.prefab
  artifactKey: Guid(a997b527e248bd149b30209d4ad04ae6) Importer(815301076,1909f56bfc062723c751e8b465ee728b)
Start importing Assets/Prefab/Temple.prefab using Guid(a997b527e248bd149b30209d4ad04ae6) Importer(815301076,1909f56bfc062723c751e8b465ee728b)  -> (artifact id: '155425a36ccab3428b5d100a2f170202') in 0.008720 seconds 
  Import took 0.012018 seconds .

========================================================================
Received Import Request.
  Time since last request: 2.969157 seconds.
  path: Assets/Prefab/Temple.prefab
  artifactKey: Guid(a997b527e248bd149b30209d4ad04ae6) Importer(815301076,1909f56bfc062723c751e8b465ee728b)
Start importing Assets/Prefab/Temple.prefab using Guid(a997b527e248bd149b30209d4ad04ae6) Importer(815301076,1909f56bfc062723c751e8b465ee728b)  -> (artifact id: '7780ee37bea3d285447def4b64603055') in 0.009735 seconds 
  Import took 0.013041 seconds .

========================================================================
Received Import Request.
  Time since last request: 3.011466 seconds.
  path: Assets/Prefab/Temple.prefab
  artifactKey: Guid(a997b527e248bd149b30209d4ad04ae6) Importer(815301076,1909f56bfc062723c751e8b465ee728b)
Start importing Assets/Prefab/Temple.prefab using Guid(a997b527e248bd149b30209d4ad04ae6) Importer(815301076,1909f56bfc062723c751e8b465ee728b)  -> (artifact id: '28661596843de4994b368bbf4d7bfe12') in 0.010083 seconds 
  Import took 0.013544 seconds .

========================================================================
Received Import Request.
  Time since last request: 4.227068 seconds.
  path: Assets/Prefab/Temple.prefab
  artifactKey: Guid(a997b527e248bd149b30209d4ad04ae6) Importer(815301076,1909f56bfc062723c751e8b465ee728b)
Start importing Assets/Prefab/Temple.prefab using Guid(a997b527e248bd149b30209d4ad04ae6) Importer(815301076,1909f56bfc062723c751e8b465ee728b)  -> (artifact id: '146334786de964cb9e622d250eb97383') in 0.010846 seconds 
  Import took 0.014554 seconds .

========================================================================
Received Import Request.
  Time since last request: 4.635431 seconds.
  path: Assets/Prefab/Temple.prefab
  artifactKey: Guid(a997b527e248bd149b30209d4ad04ae6) Importer(815301076,1909f56bfc062723c751e8b465ee728b)
Start importing Assets/Prefab/Temple.prefab using Guid(a997b527e248bd149b30209d4ad04ae6) Importer(815301076,1909f56bfc062723c751e8b465ee728b)  -> (artifact id: 'f5ee0d43bb402633ceb988688fb0cb4e') in 0.010416 seconds 
  Import took 0.014075 seconds .

========================================================================
Received Import Request.
  Time since last request: 22.757323 seconds.
  path: Assets/Prefab/Temple.prefab
  artifactKey: Guid(a997b527e248bd149b30209d4ad04ae6) Importer(815301076,1909f56bfc062723c751e8b465ee728b)
Start importing Assets/Prefab/Temple.prefab using Guid(a997b527e248bd149b30209d4ad04ae6) Importer(815301076,1909f56bfc062723c751e8b465ee728b)  -> (artifact id: '2c4faf7c1c07681b3448d523c4ace9c7') in 0.010474 seconds 
  Import took 0.014176 seconds .

========================================================================
Received Import Request.
  Time since last request: 238.706594 seconds.
  path: Assets/Prefab/Temple (1) Variant.prefab
  artifactKey: Guid(083ace3ee3a74534385b599798ec30b3) Importer(815301076,1909f56bfc062723c751e8b465ee728b)
Start importing Assets/Prefab/Temple (1) Variant.prefab using Guid(083ace3ee3a74534385b599798ec30b3) Importer(815301076,1909f56bfc062723c751e8b465ee728b)  -> (artifact id: 'bde7e0706827f25bcec496dd7e6cdc10') in 0.016471 seconds 
  Import took 0.019904 seconds .

========================================================================
Received Import Request.
  Time since last request: 10.593493 seconds.
  path: Assets/Prefab/Temple (2) Variant.prefab
  artifactKey: Guid(3702fda2fd8fb5047b0cbb392f4ad0fb) Importer(815301076,1909f56bfc062723c751e8b465ee728b)
Start importing Assets/Prefab/Temple (2) Variant.prefab using Guid(3702fda2fd8fb5047b0cbb392f4ad0fb) Importer(815301076,1909f56bfc062723c751e8b465ee728b)  -> (artifact id: '5760082d1ddc5870138e59408a73e643') in 0.010271 seconds 
  Import took 0.014651 seconds .

========================================================================
Received Import Request.
  Time since last request: 515.594490 seconds.
  path: Assets/Prefab/Robot 1.prefab
  artifactKey: Guid(39be23483e1adcf4192897c0e335716a) Importer(815301076,1909f56bfc062723c751e8b465ee728b)
Start importing Assets/Prefab/Robot 1.prefab using Guid(39be23483e1adcf4192897c0e335716a) Importer(815301076,1909f56bfc062723c751e8b465ee728b)  -> (artifact id: '44914fb9fac91a76393dfcc75a9a9f13') in 0.011100 seconds 
  Import took 0.020150 seconds .

========================================================================
Received Import Request.
  Time since last request: 132.229687 seconds.
  path: Assets/Prefab/Enemy Variant.prefab
  artifactKey: Guid(c2f8c352a59eed1489ac2ad0f3a541f9) Importer(815301076,1909f56bfc062723c751e8b465ee728b)
Start importing Assets/Prefab/Enemy Variant.prefab using Guid(c2f8c352a59eed1489ac2ad0f3a541f9) Importer(815301076,1909f56bfc062723c751e8b465ee728b)  -> (artifact id: 'd2abc2ab196c6388ff75a3273fc1309f') in 0.010248 seconds 
  Import took 0.013549 seconds .

========================================================================
Received Import Request.
  Time since last request: 89.668388 seconds.
  path: Assets/Prefab/Enemy.prefab
  artifactKey: Guid(7aacd59fd1bbcd849b1dbf3ed3e0fd84) Importer(815301076,1909f56bfc062723c751e8b465ee728b)
Start importing Assets/Prefab/Enemy.prefab using Guid(7aacd59fd1bbcd849b1dbf3ed3e0fd84) Importer(815301076,1909f56bfc062723c751e8b465ee728b)  -> (artifact id: '4a1782e1ccc88f9beefa04cd536fc5b2') in 0.010196 seconds 
  Import took 0.013299 seconds .

========================================================================
Received Import Request.
  Time since last request: 8.438225 seconds.
  path: Assets/Prefab/Enemy.prefab
  artifactKey: Guid(7aacd59fd1bbcd849b1dbf3ed3e0fd84) Importer(815301076,1909f56bfc062723c751e8b465ee728b)
Start importing Assets/Prefab/Enemy.prefab using Guid(7aacd59fd1bbcd849b1dbf3ed3e0fd84) Importer(815301076,1909f56bfc062723c751e8b465ee728b)  -> (artifact id: '0d9d2004a07207f43d76c1b107a7ccb1') in 0.008098 seconds 
  Import took 0.011066 seconds .

========================================================================
Received Import Request.
  Time since last request: 165.617783 seconds.
  path: Assets/Prefab/Robot 1 (1) Variant.prefab
  artifactKey: Guid(0e4166fead6afe04d8f593cf7c9f3fad) Importer(815301076,1909f56bfc062723c751e8b465ee728b)
Start importing Assets/Prefab/Robot 1 (1) Variant.prefab using Guid(0e4166fead6afe04d8f593cf7c9f3fad) Importer(815301076,1909f56bfc062723c751e8b465ee728b)  -> (artifact id: '0a517936cfd5fc7c107c2c1bc95544fb') in 0.010805 seconds 
  Import took 0.015042 seconds .

========================================================================
Received Import Request.
  Time since last request: 7.522806 seconds.
  path: Assets/Prefab/Robot Fem.prefab
  artifactKey: Guid(0e4166fead6afe04d8f593cf7c9f3fad) Importer(815301076,1909f56bfc062723c751e8b465ee728b)
Start importing Assets/Prefab/Robot Fem.prefab using Guid(0e4166fead6afe04d8f593cf7c9f3fad) Importer(815301076,1909f56bfc062723c751e8b465ee728b)  -> (artifact id: '112a8d6f89fba24f72ec4fdc81a64a3f') in 0.009903 seconds 
  Import took 0.013112 seconds .

========================================================================
Received Import Request.
  Time since last request: 453.240124 seconds.
  path: Assets/Prefab/BB8.prefab
  artifactKey: Guid(1ca99392a4d5d634e83bf8617870bc84) Importer(815301076,1909f56bfc062723c751e8b465ee728b)
Start importing Assets/Prefab/BB8.prefab using Guid(1ca99392a4d5d634e83bf8617870bc84) Importer(815301076,1909f56bfc062723c751e8b465ee728b)  -> (artifact id: 'f8e65909224115e70c27b47907007889') in 0.012229 seconds 
  Import took 0.015548 seconds .

========================================================================
Received Import Request.
  Time since last request: 226.274893 seconds.
  path: Assets/Prefab/BB8 2 Variant.prefab
  artifactKey: Guid(beeea268184345849ac449b1ca0cceff) Importer(815301076,1909f56bfc062723c751e8b465ee728b)
Start importing Assets/Prefab/BB8 2 Variant.prefab using Guid(beeea268184345849ac449b1ca0cceff) Importer(815301076,1909f56bfc062723c751e8b465ee728b)  -> (artifact id: '7cd44fd9798cf01afb54eec4953c2c6e') in 0.010066 seconds 
  Import took 0.014456 seconds .

AssetImportWorkerClient::OnTransportError - code=2 error=End of file
